SF:lib\blocs\list_coins_bloc\list_coins_bloc.dart
DA:8,6
DA:13,1
DA:15,1
DA:17,2
DA:18,3
DA:19,1
DA:21,1
DA:22,1
DA:23,2
DA:25,3
LF:10
LH:10
end_of_record
SF:lib\blocs\list_coins_bloc\list_coins_event.dart
DA:4,0
DA:6,0
DA:13,1
LF:3
LH:1
end_of_record
SF:lib\blocs\list_coins_bloc\list_coins_state.dart
DA:5,1
DA:7,1
DA:16,2
DA:23,2
LF:4
LH:4
end_of_record
SF:lib\services\coin_service.dart
DA:7,0
LF:1
LH:0
end_of_record
SF:lib\model\coins.dart
DA:19,2
DA:38,1
DA:39,1
DA:40,1
DA:41,1
DA:42,1
DA:43,1
DA:44,1
DA:45,1
DA:46,1
DA:47,1
DA:48,1
DA:49,1
DA:50,1
DA:51,1
DA:52,1
DA:53,1
DA:54,1
DA:55,2
LF:19
LH:19
end_of_record
SF:lib\screens\detail_screen\detail_screen.dart
DA:10,0
DA:12,0
DA:13,0
DA:19,0
DA:22,0
DA:25,0
DA:27,0
DA:29,0
DA:33,0
DA:36,0
DA:37,0
DA:38,0
DA:42,0
DA:43,0
DA:47,0
DA:48,0
DA:49,0
DA:52,0
DA:53,0
DA:55,0
DA:56,0
DA:58,0
DA:59,0
DA:60,0
DA:63,0
DA:64,0
DA:65,0
DA:66,0
DA:68,0
DA:73,0
DA:77,0
LF:31
LH:0
end_of_record
SF:lib\screens\home_screen\home_screen.dart
DA:14,2
DA:15,2
DA:19,2
DA:21,2
DA:23,2
DA:24,2
DA:25,2
DA:26,2
DA:28,2
DA:29,2
DA:30,2
DA:31,2
DA:32,2
DA:33,2
DA:35,4
DA:40,2
DA:42,2
DA:43,2
DA:44,2
DA:46,2
DA:47,2
DA:48,2
DA:51,2
DA:53,2
DA:54,2
DA:61,2
DA:62,2
DA:63,2
DA:64,2
DA:66,1
DA:67,2
DA:68,1
DA:69,1
DA:72,1
DA:74,3
DA:75,3
DA:77,3
DA:79,3
DA:81,3
DA:82,0
DA:83,0
DA:85,0
DA:86,0
DA:87,0
DA:88,0
DA:94,2
DA:95,1
DA:96,1
DA:98,2
DA:99,1
DA:100,1
DA:101,1
DA:106,2
LF:53
LH:47
end_of_record
SF:lib\widgets\coin_cart.dart
DA:12,2
DA:20,2
DA:22,2
DA:23,2
DA:24,2
DA:25,2
DA:26,2
DA:28,2
DA:29,2
DA:31,2
DA:32,2
DA:33,2
DA:36,2
DA:40,2
DA:41,2
DA:42,2
DA:43,4
DA:45,2
DA:46,2
DA:49,10
DA:50,2
DA:51,4
DA:52,2
DA:53,6
LF:24
LH:24
end_of_record
SF:lib\widgets\search_bar.dart
DA:10,2
DA:12,2
DA:13,2
DA:17,0
DA:19,2
DA:21,2
DA:22,2
DA:23,2
DA:25,4
DA:26,2
DA:28,2
DA:29,2
DA:32,2
DA:37,2
DA:40,2
DA:41,2
DA:42,2
DA:43,2
DA:47,2
DA:48,2
DA:57,0
DA:58,0
DA:61,0
DA:62,0
DA:63,0
DA:64,0
DA:65,0
DA:66,0
DA:67,0
DA:68,0
DA:69,0
DA:72,0
DA:73,0
DA:75,0
DA:77,0
DA:78,0
DA:79,0
DA:80,0
DA:81,0
DA:82,0
DA:83,0
DA:85,0
DA:86,0
DA:87,0
DA:88,0
DA:89,0
DA:90,0
DA:92,0
DA:93,0
DA:104,0
DA:105,0
DA:107,0
DA:108,0
LF:53
LH:19
end_of_record
