SF:lib\blocs\list_coins_bloc\list_coins_bloc.dart
DA:9,3
DA:12,1
DA:14,1
DA:16,2
DA:17,3
DA:18,1
DA:20,1
DA:21,1
DA:22,2
DA:24,3
LF:10
LH:10
end_of_record
SF:lib\model\coins.dart
DA:19,1
DA:38,1
DA:39,1
DA:40,1
DA:41,1
DA:42,1
DA:43,1
DA:44,1
DA:45,1
DA:46,1
DA:47,1
DA:48,1
DA:49,1
DA:50,1
DA:51,1
DA:52,1
DA:53,1
DA:54,1
DA:55,2
LF:19
LH:19
end_of_record
SF:lib\routes\app_route.dart
DA:10,1
DA:11,1
DA:12,1
DA:13,1
DA:14,0
DA:15,1
DA:16,3
DA:18,0
DA:19,0
LF:9
LH:6
end_of_record
SF:lib\screens\detail_screen\detail_screen.dart
DA:8,1
DA:10,1
DA:11,1
DA:15,1
DA:17,1
DA:20,1
DA:24,1
DA:25,1
DA:26,1
DA:27,1
DA:30,1
DA:32,1
DA:37,1
DA:41,1
DA:42,1
DA:43,1
DA:46,1
DA:47,1
DA:50,1
DA:53,1
DA:54,1
DA:55,1
DA:56,1
LF:23
LH:23
end_of_record
SF:lib\screens\home_screen\home_screen.dart
DA:19,1
DA:20,1
DA:24,1
DA:26,3
DA:27,1
DA:29,1
DA:30,1
DA:31,1
DA:32,1
DA:34,1
DA:35,1
DA:36,1
DA:37,1
DA:38,1
DA:39,2
DA:41,2
DA:46,1
DA:48,1
DA:49,1
DA:50,1
DA:52,1
DA:53,1
DA:54,1
DA:57,1
DA:59,1
DA:60,1
DA:67,1
DA:68,1
DA:69,1
DA:70,1
DA:72,1
DA:73,1
DA:74,3
DA:76,1
DA:77,2
DA:78,1
DA:79,1
DA:82,1
DA:84,3
DA:85,3
DA:87,3
DA:89,3
DA:91,2
DA:92,1
DA:94,1
DA:95,1
DA:97,2
DA:105,1
DA:106,1
DA:107,1
DA:109,1
DA:110,1
DA:113,1
DA:114,1
DA:115,1
DA:116,1
DA:120,1
DA:121,1
DA:122,3
DA:124,1
DA:130,2
LF:61
LH:61
end_of_record
SF:lib\widgets\coin_cart.dart
DA:13,2
DA:21,2
DA:23,2
DA:24,2
DA:25,2
DA:26,2
DA:27,2
DA:29,2
DA:30,2
DA:32,2
DA:33,2
DA:34,2
DA:37,2
DA:41,2
DA:42,2
DA:43,2
DA:45,2
DA:47,2
DA:48,2
DA:51,10
DA:52,2
DA:53,4
DA:54,2
DA:55,6
LF:24
LH:24
end_of_record
SF:lib\widgets\search_bar.dart
DA:11,1
DA:13,1
DA:14,1
DA:18,2
DA:20,1
DA:22,1
DA:23,1
DA:24,1
DA:26,2
DA:27,1
DA:29,1
DA:30,1
DA:33,1
DA:38,1
DA:41,1
DA:42,1
DA:43,1
DA:44,1
DA:48,1
DA:49,1
DA:58,1
DA:59,2
DA:62,4
DA:63,1
DA:64,1
DA:65,1
DA:66,3
DA:67,1
DA:68,1
DA:69,1
DA:70,3
DA:73,1
DA:74,1
DA:76,1
DA:78,1
DA:79,1
DA:80,1
DA:81,1
DA:82,1
DA:83,1
DA:84,1
DA:86,1
DA:87,1
DA:88,1
DA:89,1
DA:90,0
DA:91,0
DA:93,1
DA:94,1
DA:105,1
DA:106,1
LF:51
LH:49
end_of_record
SF:lib\services\coin_service.dart
DA:7,0
LF:1
LH:0
end_of_record
SF:lib\blocs\list_coins_bloc\list_coins_event.dart
DA:4,0
DA:6,0
DA:13,2
LF:3
LH:1
end_of_record
SF:lib\blocs\list_coins_bloc\list_coins_state.dart
DA:5,1
DA:7,1
DA:16,2
DA:23,2
LF:4
LH:4
end_of_record
SF:lib\config\app_config.dart
DA:9,3
DA:10,3
DA:14,1
DA:15,1
DA:18,1
DA:20,1
DA:21,0
DA:24,0
DA:25,0
DA:28,0
DA:31,0
DA:32,0
DA:33,0
DA:34,0
LF:14
LH:6
end_of_record
SF:lib\screens\not_found_screen\not_found_screen.dart
DA:4,0
DA:6,0
LF:2
LH:0
end_of_record
